<?xml version="1.0" encoding="UTF-8"?>
<!-- Generated by org.testng.reporters.JUnitReportReporter -->
<testsuite skipped="0" hostname="LAPTOP-LN815ABI" name="day15TestNGExample.Example_Param4" tests="3" failures="0" timestamp="2022-10-19T13:50:39 IST" time="0.010" errors="0">
  <testcase name="login" time="0.001" classname="day15TestNGExample.Example_Param4"/>
  <system-out/>
  <testcase name="signin" time="0.008" classname="day15TestNGExample.Example_Param4"/>
  <system-out/>
  <testcase name="checkOutNotification" time="0.001" classname="day15TestNGExample.Example_Param4"/>
  <system-out/>
</testsuite> <!-- day15TestNGExample.Example_Param4 -->
