<?xml version="1.0" encoding="UTF-8"?>
<!-- Generated by org.testng.reporters.JUnitReportReporter -->
<testsuite skipped="0" hostname="LAPTOP-LN815ABI" name="day14TestNGExample.TestCase2" tests="3" failures="0" timestamp="2022-10-18T11:52:51 IST" time="0.008" errors="0">
  <testcase name="test3" time="0.000" classname="day14TestNGExample.TestCase2"/>
  <system-out/>
  <testcase name="test1" time="0.007" classname="day14TestNGExample.TestCase2"/>
  <system-out/>
  <testcase name="test2" time="0.001" classname="day14TestNGExample.TestCase2"/>
  <system-out/>
</testsuite> <!-- day14TestNGExample.TestCase2 -->
