<?xml version="1.0" encoding="UTF-8"?>
<!-- Generated by org.testng.reporters.JUnitReportReporter -->
<testsuite skipped="0" hostname="LAPTOP-LN815ABI" name="day15TestNGExample.Example_para2" tests="3" failures="0" timestamp="2022-10-19T13:19:13 IST" time="0.011" errors="0">
  <testcase name="login" time="0.008" classname="day15TestNGExample.Example_para2"/>
  <system-out/>
  <testcase name="sendEmail" time="0.002" classname="day15TestNGExample.Example_para2"/>
  <system-out/>
  <testcase name="logOut" time="0.001" classname="day15TestNGExample.Example_para2"/>
  <system-out/>
</testsuite> <!-- day15TestNGExample.Example_para2 -->
