<?xml version="1.0" encoding="UTF-8"?>
<!-- Generated by org.testng.reporters.JUnitReportReporter -->
<testsuite skipped="1" hostname="LAPTOP-LN815ABI" name="day15TestNGExample.Example_param3" tests="3" failures="0" timestamp="2022-10-19T13:27:30 IST" time="0.009" errors="0">
  <testcase name="loginPage" time="0.008" classname="day15TestNGExample.Example_param3"/>
  <system-out/>
  <testcase name="logOut" time="0.001" classname="day15TestNGExample.Example_param3"/>
  <system-out/>
  <testcase name="openBrowser" classname="day15TestNGExample.Example_param3">
    <skipped/>
  </testcase> <!-- openBrowser -->
  <system-out/>
</testsuite> <!-- day15TestNGExample.Example_param3 -->
