<?xml version="1.0" encoding="UTF-8"?>
<!-- Generated by org.testng.reporters.JUnitReportReporter -->
<testsuite skipped="0" hostname="LAPTOP-LN815ABI" name="day14TestNGExample.Example7" tests="1" failures="0" timestamp="2022-10-18T14:50:45 IST" time="15.978" errors="0">
  <testcase name="LoginLogoutInActitimeApplication" time="15.978" classname="day14TestNGExample.Example7"/>
  <system-out/>
</testsuite> <!-- day14TestNGExample.Example7 -->
