<?xml version="1.0" encoding="UTF-8"?>
<!-- Generated by org.testng.reporters.JUnitReportReporter -->
<testsuite skipped="0" hostname="LAPTOP-LN815ABI" name="day14TestNGExample.Example3" tests="1" failures="0" timestamp="2022-10-18T11:59:53 IST" time="3.016" errors="0">
  <testcase name="testCse3" time="3.016" classname="day14TestNGExample.Example3"/>
  <system-out/>
</testsuite> <!-- day14TestNGExample.Example3 -->
