<?xml version="1.0" encoding="UTF-8"?>
<!-- Generated by org.testng.reporters.JUnitReportReporter -->
<testsuite skipped="0" hostname="LAPTOP-LN815ABI" name="day15TestNGExample.Example_Annotations4" tests="5" failures="0" timestamp="2022-10-19T13:07:23 IST" time="0.009" errors="0">
  <testcase name="param1" time="0.000" classname="day15TestNGExample.Example_Annotations4"/>
  <system-out/>
  <testcase name="param1" time="0.000" classname="day15TestNGExample.Example_Annotations4"/>
  <system-out/>
  <testcase name="param1" time="0.007" classname="day15TestNGExample.Example_Annotations4"/>
  <system-out/>
  <testcase name="param1" time="0.001" classname="day15TestNGExample.Example_Annotations4"/>
  <system-out/>
  <testcase name="param1" time="0.001" classname="day15TestNGExample.Example_Annotations4"/>
  <system-out/>
</testsuite> <!-- day15TestNGExample.Example_Annotations4 -->
