<?xml version="1.0" encoding="UTF-8"?>
<!-- Generated by org.testng.reporters.JUnitReportReporter -->
<testsuite skipped="0" hostname="LAPTOP-LN815ABI" name="day15TestNGExample.Example_param7" tests="2" failures="0" timestamp="2022-10-19T16:08:23 IST" time="0.011" errors="0">
  <testcase name="signin" time="0.002" classname="day15TestNGExample.Example_param7"/>
  <system-out/>
  <testcase name="login" time="0.009" classname="day15TestNGExample.Example_param7"/>
  <system-out/>
</testsuite> <!-- day15TestNGExample.Example_param7 -->
