<?xml version="1.0" encoding="UTF-8"?>
<!-- Generated by org.testng.reporters.JUnitReportReporter -->
<testsuite skipped="0" hostname="LAPTOP-LN815ABI" name="day15TestNGExample.Example_Annotations3" tests="2" failures="0" timestamp="2022-10-19T12:40:45 IST" time="0.007" errors="0">
  <testcase name="homePageValidation" time="0.005" classname="day15TestNGExample.Example_Annotations3"/>
  <system-out/>
  <testcase name="verifyLogin" time="0.002" classname="day15TestNGExample.Example_Annotations3"/>
  <system-out/>
</testsuite> <!-- day15TestNGExample.Example_Annotations3 -->
