<?xml version="1.0" encoding="UTF-8"?>
<!-- Generated by org.testng.reporters.JUnitReportReporter -->
<testsuite skipped="0" hostname="LAPTOP-LN815ABI" name="day15TestNGExample.Example_Annotations1" tests="2" failures="0" timestamp="2022-10-19T12:09:44 IST" time="0.008" errors="0">
  <testcase name="verifyLogin" time="0.007" classname="day15TestNGExample.Example_Annotations1"/>
  <system-out/>
  <testcase name="createTask" time="0.001" classname="day15TestNGExample.Example_Annotations1"/>
  <system-out/>
</testsuite> <!-- day15TestNGExample.Example_Annotations1 -->
