<?xml version="1.0" encoding="UTF-8"?>
<!-- Generated by org.testng.reporters.JUnitReportReporter -->
<testsuite skipped="0" hostname="LAPTOP-LN815ABI" name="day14TestNGExample.TestCase1" tests="1" failures="0" timestamp="2022-10-18T11:44:47 IST" time="0.014" errors="0">
  <testcase name="f" time="0.014" classname="day14TestNGExample.TestCase1"/>
  <system-out/>
</testsuite> <!-- day14TestNGExample.TestCase1 -->
