<?xml version="1.0" encoding="UTF-8"?>
<!-- Generated by org.testng.reporters.JUnitReportReporter -->
<testsuite skipped="0" hostname="LAPTOP-LN815ABI" name="day15TestNGExample.Examplle_Annotations2" tests="2" failures="0" timestamp="2022-10-19T12:24:08 IST" time="0.009" errors="0">
  <testcase name="VerifyLogin" time="0.007" classname="day15TestNGExample.Examplle_Annotations2"/>
  <system-out/>
  <testcase name="createTask" time="0.002" classname="day15TestNGExample.Examplle_Annotations2"/>
  <system-out/>
</testsuite> <!-- day15TestNGExample.Examplle_Annotations2 -->
