<?xml version="1.0" encoding="UTF-8"?>
<!-- Generated by org.testng.reporters.JUnitReportReporter -->
<testsuite skipped="0" hostname="LAPTOP-LN815ABI" name="day14TestNGExample.Example4" tests="3" failures="0" timestamp="2022-10-18T12:08:55 IST" time="0.013" errors="0">
  <testcase name="testCse6" time="0.002" classname="day14TestNGExample.Example4"/>
  <system-out/>
  <testcase name="testCase4" time="0.010" classname="day14TestNGExample.Example4"/>
  <system-out/>
  <testcase name="testCase5" time="0.001" classname="day14TestNGExample.Example4"/>
  <system-out/>
</testsuite> <!-- day14TestNGExample.Example4 -->
