<?xml version="1.0" encoding="UTF-8"?>
<!-- Generated by org.testng.reporters.JUnitReportReporter -->
<testsuite skipped="0" hostname="LAPTOP-LN815ABI" name="DDT_ExcelFile.excelHandling" tests="1" failures="0" timestamp="21 Oct 2022 08:22:22 GMT" time="0.010" errors="0">
  <testcase name="f" time="0.010" classname="DDT_ExcelFile.excelHandling"/>
</testsuite> <!-- DDT_ExcelFile.excelHandling -->
