<?xml version="1.0" encoding="UTF-8"?>
<!-- Generated by org.testng.reporters.JUnitReportReporter -->
<testsuite skipped="0" hostname="LAPTOP-LN815ABI" name="data_Driven_Testing.ExcelUpdate" tests="1" failures="0" timestamp="21 Oct 2022 14:19:53 GMT" time="0.575" errors="0">
  <testcase name="updateCellDetails" time="0.575" classname="data_Driven_Testing.ExcelUpdate"/>
</testsuite> <!-- data_Driven_Testing.ExcelUpdate -->
